Connecting to MySQL server at localhost...
Database 'patents_db' ready.
  Warning: Statement 1 failed: (pymysql.err.OperationalError) (1229, "Variable 'innodb_buffer_pool_size' is a GLOBAL variable and should be set with SET GLOBAL")
[SQL: SET innodb_buffer_pool_size = 1G;]
(Background on this error at: https://sqlalche.me/e/20/e3q8)
  Warning: Statement 2 failed: (pymysql.err.OperationalError) (1232, "Incorrect argument type to variable 'bulk_insert_buffer_size'")
[SQL: SET bulk_insert_buffer_size = 256M;]
(Background on this error at: https://sqlalche.me/e/20/e3q8)
  [3/19] Executed statement
  [4/19] Executed statement
  [5/19] Executed statement
  [6/19] Executed statement
  [7/19] Executed statement
  [8/19] Executed statement
  [9/19] Executed statement
  [10/19] Executed statement
  [11/19] Executed statement
  [12/19] Executed statement
  [13/19] Executed statement
  [14/19] Executed statement
  [15/19] Executed statement
  [16/19] Executed statement
  [17/19] Executed statement
  [18/19] Executed statement
  [19/19] Executed statement
Schema loaded successfully via SQLAlchemy.
Starting data extraction...
1. Processing g_patent.tsv using temporary SQLite DB at valid_patents_temp.db...
  Patent chunk 10: processed 1000000 rows so far, saved 100000 valid IDs from this chunk.
  Patent chunk 20: processed 2000000 rows so far, saved 100000 valid IDs from this chunk.
  Patent chunk 30: processed 3000000 rows so far, saved 0 valid IDs from this chunk.
  Patent chunk 40: processed 4000000 rows so far, saved 0 valid IDs from this chunk.
  Patent chunk 50: processed 5000000 rows so far, saved 0 valid IDs from this chunk.
  Patent chunk 60: processed 6000000 rows so far, saved 100000 valid IDs from this chunk.
  Patent chunk 70: processed 7000000 rows so far, saved 100000 valid IDs from this chunk.
  Patent chunk 80: processed 8000000 rows so far, saved 100000 valid IDs from this chunk.
  Patent chunk 90: processed 9000000 rows so far, saved 100000 valid IDs from this chunk.
Stored 6083393 valid patents in the temporary SQLite DB.
Processing g_inventor_disambiguated.tsv...
Processing g_assignee_disambiguated.tsv...
Processing g_patent_abstract.tsv...
  g_patent_abstract.tsv chunk 10: processed 997338 rows so far.
Processing g_cpc_current.tsv...
  g_cpc_current.tsv chunk 10: processed 1000000 rows so far.
Removed temporary SQLite DB valid_patents_temp.db.
Extraction complete.
Starting data cleaning...
Extracting CPC for patents...
Cleaning patents...
Cleaning inventors...
Cleaning companies...
Cleaning abstracts...
Cleaning complete.
Starting data loading phase...
Loading patents from patents.csv...
  patents chunk 2: inserted 20000 rows, skipped 0 duplicates so far...
  patents chunk 4: inserted 40000 rows, skipped 0 duplicates so far...
  patents chunk 6: inserted 60000 rows, skipped 0 duplicates so far...
  patents chunk 8: inserted 80000 rows, skipped 0 duplicates so far...
  patents chunk 10: inserted 100000 rows, skipped 0 duplicates so far...
  patents chunk 12: inserted 120000 rows, skipped 0 duplicates so far...
  patents chunk 14: inserted 140000 rows, skipped 0 duplicates so far...
  patents chunk 16: inserted 160000 rows, skipped 0 duplicates so far...
  patents chunk 18: inserted 180000 rows, skipped 0 duplicates so far...
  patents chunk 20: inserted 200000 rows, skipped 0 duplicates so far...
  patents chunk 22: inserted 220000 rows, skipped 0 duplicates so far...
  patents chunk 24: inserted 240000 rows, skipped 0 duplicates so far...
  patents chunk 26: inserted 260000 rows, skipped 0 duplicates so far...
  patents chunk 28: inserted 280000 rows, skipped 0 duplicates so far...
  patents chunk 30: inserted 300000 rows, skipped 0 duplicates so far...
  patents chunk 32: inserted 320000 rows, skipped 0 duplicates so far...
  patents chunk 34: inserted 340000 rows, skipped 0 duplicates so far...
  patents chunk 36: inserted 360000 rows, skipped 0 duplicates so far...
  patents chunk 38: inserted 380000 rows, skipped 0 duplicates so far...
  patents chunk 40: inserted 400000 rows, skipped 0 duplicates so far...
  patents chunk 42: inserted 420000 rows, skipped 0 duplicates so far...
  patents chunk 44: inserted 440000 rows, skipped 0 duplicates so far...
  patents chunk 46: inserted 460000 rows, skipped 0 duplicates so far...
  patents chunk 48: inserted 480000 rows, skipped 0 duplicates so far...
  patents chunk 50: inserted 500000 rows, skipped 0 duplicates so far...
  patents chunk 52: inserted 520000 rows, skipped 0 duplicates so far...
  patents chunk 54: inserted 540000 rows, skipped 0 duplicates so far...
  patents chunk 56: inserted 560000 rows, skipped 0 duplicates so far...
  patents chunk 58: inserted 580000 rows, skipped 0 duplicates so far...
  patents chunk 60: inserted 600000 rows, skipped 0 duplicates so far...
  patents chunk 62: inserted 620000 rows, skipped 0 duplicates so far...
  patents chunk 64: inserted 640000 rows, skipped 0 duplicates so far...
  patents chunk 66: inserted 660000 rows, skipped 0 duplicates so far...
  patents chunk 68: inserted 680000 rows, skipped 0 duplicates so far...
  patents chunk 70: inserted 700000 rows, skipped 0 duplicates so far...
  patents chunk 72: inserted 720000 rows, skipped 0 duplicates so far...
  patents chunk 74: inserted 740000 rows, skipped 0 duplicates so far...
  patents chunk 76: inserted 760000 rows, skipped 0 duplicates so far...
  patents chunk 78: inserted 780000 rows, skipped 0 duplicates so far...
  patents chunk 80: inserted 800000 rows, skipped 0 duplicates so far...
  patents chunk 82: inserted 820000 rows, skipped 0 duplicates so far...
  patents chunk 84: inserted 840000 rows, skipped 0 duplicates so far...
  patents chunk 86: inserted 860000 rows, skipped 0 duplicates so far...
  patents chunk 88: inserted 880000 rows, skipped 0 duplicates so far...
  patents chunk 90: inserted 900000 rows, skipped 0 duplicates so far...
  patents chunk 92: inserted 920000 rows, skipped 0 duplicates so far...
  patents chunk 94: inserted 940000 rows, skipped 0 duplicates so far...
  patents chunk 96: inserted 960000 rows, skipped 0 duplicates so far...
  patents chunk 98: inserted 980000 rows, skipped 0 duplicates so far...
  patents chunk 100: inserted 1000000 rows, skipped 0 duplicates so far...
  patents chunk 102: inserted 1020000 rows, skipped 0 duplicates so far...
  patents chunk 104: inserted 1040000 rows, skipped 0 duplicates so far...
  patents chunk 106: inserted 1060000 rows, skipped 0 duplicates so far...
  patents chunk 108: inserted 1080000 rows, skipped 0 duplicates so far...
  patents chunk 110: inserted 1100000 rows, skipped 0 duplicates so far...
  patents chunk 112: inserted 1120000 rows, skipped 0 duplicates so far...
  patents chunk 114: inserted 1140000 rows, skipped 0 duplicates so far...
  patents chunk 116: inserted 1160000 rows, skipped 0 duplicates so far...
  patents chunk 118: inserted 1180000 rows, skipped 0 duplicates so far...
  patents chunk 120: inserted 1200000 rows, skipped 0 duplicates so far...
  patents chunk 122: inserted 1220000 rows, skipped 0 duplicates so far...
  patents chunk 124: inserted 1240000 rows, skipped 0 duplicates so far...
  patents chunk 126: inserted 1260000 rows, skipped 0 duplicates so far...
  patents chunk 128: inserted 1280000 rows, skipped 0 duplicates so far...
  patents chunk 130: inserted 1300000 rows, skipped 0 duplicates so far...
  patents chunk 132: inserted 1320000 rows, skipped 0 duplicates so far...
  patents chunk 134: inserted 1340000 rows, skipped 0 duplicates so far...
  patents chunk 136: inserted 1360000 rows, skipped 0 duplicates so far...
  patents chunk 138: inserted 1380000 rows, skipped 0 duplicates so far...
  patents chunk 140: inserted 1400000 rows, skipped 0 duplicates so far...
  patents chunk 142: inserted 1420000 rows, skipped 0 duplicates so far...
  patents chunk 144: inserted 1440000 rows, skipped 0 duplicates so far...
  patents chunk 146: inserted 1460000 rows, skipped 0 duplicates so far...
  patents chunk 148: inserted 1480000 rows, skipped 0 duplicates so far...
  patents chunk 150: inserted 1500000 rows, skipped 0 duplicates so far...
  patents chunk 152: inserted 1520000 rows, skipped 0 duplicates so far...
  patents chunk 154: inserted 1540000 rows, skipped 0 duplicates so far...
  patents chunk 156: inserted 1560000 rows, skipped 0 duplicates so far...
  patents chunk 158: inserted 1580000 rows, skipped 0 duplicates so far...
  patents chunk 160: inserted 1600000 rows, skipped 0 duplicates so far...
  patents chunk 162: inserted 1620000 rows, skipped 0 duplicates so far...
  patents chunk 164: inserted 1640000 rows, skipped 0 duplicates so far...
  patents chunk 166: inserted 1660000 rows, skipped 0 duplicates so far...
  patents chunk 168: inserted 1680000 rows, skipped 0 duplicates so far...
  patents chunk 170: inserted 1700000 rows, skipped 0 duplicates so far...
  patents chunk 172: inserted 1720000 rows, skipped 0 duplicates so far...
  patents chunk 174: inserted 1740000 rows, skipped 0 duplicates so far...
  patents chunk 176: inserted 1760000 rows, skipped 0 duplicates so far...
  patents chunk 178: inserted 1780000 rows, skipped 0 duplicates so far...
  patents chunk 180: inserted 1800000 rows, skipped 0 duplicates so far...
  patents chunk 182: inserted 1820000 rows, skipped 0 duplicates so far...
  patents chunk 184: inserted 1840000 rows, skipped 0 duplicates so far...
  patents chunk 186: inserted 1860000 rows, skipped 0 duplicates so far...
  patents chunk 188: inserted 1880000 rows, skipped 0 duplicates so far...
  patents chunk 190: inserted 1900000 rows, skipped 0 duplicates so far...
  patents chunk 192: inserted 1920000 rows, skipped 0 duplicates so far...
  patents chunk 194: inserted 1940000 rows, skipped 0 duplicates so far...
  patents chunk 196: inserted 1960000 rows, skipped 0 duplicates so far...
  patents chunk 198: inserted 1980000 rows, skipped 0 duplicates so far...
  patents chunk 200: inserted 2000000 rows, skipped 0 duplicates so far...
  patents chunk 202: inserted 2020000 rows, skipped 0 duplicates so far...
  patents chunk 204: inserted 2040000 rows, skipped 0 duplicates so far...
  patents chunk 206: inserted 2060000 rows, skipped 0 duplicates so far...
  patents chunk 208: inserted 2080000 rows, skipped 0 duplicates so far...
  patents chunk 210: inserted 2100000 rows, skipped 0 duplicates so far...
  patents chunk 212: inserted 2120000 rows, skipped 0 duplicates so far...
  patents chunk 214: inserted 2140000 rows, skipped 0 duplicates so far...
  patents chunk 216: inserted 2160000 rows, skipped 0 duplicates so far...
  patents chunk 218: inserted 2180000 rows, skipped 0 duplicates so far...
  patents chunk 220: inserted 2200000 rows, skipped 0 duplicates so far...
  patents chunk 222: inserted 2220000 rows, skipped 0 duplicates so far...
  patents chunk 224: inserted 2240000 rows, skipped 0 duplicates so far...
  patents chunk 226: inserted 2260000 rows, skipped 0 duplicates so far...
  patents chunk 228: inserted 2280000 rows, skipped 0 duplicates so far...
  patents chunk 230: inserted 2300000 rows, skipped 0 duplicates so far...
  patents chunk 232: inserted 2320000 rows, skipped 0 duplicates so far...
  patents chunk 234: inserted 2340000 rows, skipped 0 duplicates so far...
  patents chunk 236: inserted 2360000 rows, skipped 0 duplicates so far...
  patents chunk 238: inserted 2380000 rows, skipped 0 duplicates so far...
  patents chunk 240: inserted 2400000 rows, skipped 0 duplicates so far...
  patents chunk 242: inserted 2420000 rows, skipped 0 duplicates so far...
  patents chunk 244: inserted 2440000 rows, skipped 0 duplicates so far...
  patents chunk 246: inserted 2460000 rows, skipped 0 duplicates so far...
  patents chunk 248: inserted 2480000 rows, skipped 0 duplicates so far...
  patents chunk 250: inserted 2500000 rows, skipped 0 duplicates so far...
  patents chunk 252: inserted 2520000 rows, skipped 0 duplicates so far...
  patents chunk 254: inserted 2540000 rows, skipped 0 duplicates so far...
  patents chunk 256: inserted 2560000 rows, skipped 0 duplicates so far...
  patents chunk 258: inserted 2580000 rows, skipped 0 duplicates so far...
  patents chunk 260: inserted 2600000 rows, skipped 0 duplicates so far...
  patents chunk 262: inserted 2620000 rows, skipped 0 duplicates so far...
  patents chunk 264: inserted 2640000 rows, skipped 0 duplicates so far...
  patents chunk 266: inserted 2660000 rows, skipped 0 duplicates so far...
  patents chunk 268: inserted 2680000 rows, skipped 0 duplicates so far...
  patents chunk 270: inserted 2700000 rows, skipped 0 duplicates so far...
  patents chunk 272: inserted 2720000 rows, skipped 0 duplicates so far...
  patents chunk 274: inserted 2740000 rows, skipped 0 duplicates so far...
  patents chunk 276: inserted 2760000 rows, skipped 0 duplicates so far...
  patents chunk 278: inserted 2780000 rows, skipped 0 duplicates so far...
  patents chunk 280: inserted 2800000 rows, skipped 0 duplicates so far...
  patents chunk 282: inserted 2820000 rows, skipped 0 duplicates so far...
  patents chunk 284: inserted 2840000 rows, skipped 0 duplicates so far...
  patents chunk 286: inserted 2860000 rows, skipped 0 duplicates so far...
  patents chunk 288: inserted 2880000 rows, skipped 0 duplicates so far...
  patents chunk 290: inserted 2900000 rows, skipped 0 duplicates so far...
  patents chunk 292: inserted 2920000 rows, skipped 0 duplicates so far...
  patents chunk 294: inserted 2940000 rows, skipped 0 duplicates so far...
  patents chunk 296: inserted 2960000 rows, skipped 0 duplicates so far...
  patents chunk 298: inserted 2980000 rows, skipped 0 duplicates so far...
  patents chunk 300: inserted 3000000 rows, skipped 0 duplicates so far...
  patents chunk 302: inserted 3020000 rows, skipped 0 duplicates so far...
  patents chunk 304: inserted 3040000 rows, skipped 0 duplicates so far...
  patents chunk 306: inserted 3060000 rows, skipped 0 duplicates so far...
  patents chunk 308: inserted 3080000 rows, skipped 0 duplicates so far...
  patents chunk 310: inserted 3100000 rows, skipped 0 duplicates so far...
  patents chunk 312: inserted 3120000 rows, skipped 0 duplicates so far...
  patents chunk 314: inserted 3140000 rows, skipped 0 duplicates so far...
  patents chunk 316: inserted 3160000 rows, skipped 0 duplicates so far...
  patents chunk 318: inserted 3180000 rows, skipped 0 duplicates so far...
  patents chunk 320: inserted 3200000 rows, skipped 0 duplicates so far...
  patents chunk 322: inserted 3220000 rows, skipped 0 duplicates so far...
  patents chunk 324: inserted 3240000 rows, skipped 0 duplicates so far...
  patents chunk 326: inserted 3260000 rows, skipped 0 duplicates so far...
  patents chunk 328: inserted 3280000 rows, skipped 0 duplicates so far...
  patents chunk 330: inserted 3300000 rows, skipped 0 duplicates so far...
  patents chunk 332: inserted 3320000 rows, skipped 0 duplicates so far...
  patents chunk 334: inserted 3340000 rows, skipped 0 duplicates so far...
  patents chunk 336: inserted 3360000 rows, skipped 0 duplicates so far...
  patents chunk 338: inserted 3380000 rows, skipped 0 duplicates so far...
  patents chunk 340: inserted 3400000 rows, skipped 0 duplicates so far...
  patents chunk 342: inserted 3420000 rows, skipped 0 duplicates so far...
  patents chunk 344: inserted 3440000 rows, skipped 0 duplicates so far...
  patents chunk 346: inserted 3460000 rows, skipped 0 duplicates so far...
  patents chunk 348: inserted 3480000 rows, skipped 0 duplicates so far...
  patents chunk 350: inserted 3500000 rows, skipped 0 duplicates so far...
  patents chunk 352: inserted 3520000 rows, skipped 0 duplicates so far...
  patents chunk 354: inserted 3540000 rows, skipped 0 duplicates so far...
  patents chunk 356: inserted 3560000 rows, skipped 0 duplicates so far...
  patents chunk 358: inserted 3580000 rows, skipped 0 duplicates so far...
  patents chunk 360: inserted 3600000 rows, skipped 0 duplicates so far...
  patents chunk 362: inserted 3620000 rows, skipped 0 duplicates so far...
  patents chunk 364: inserted 3640000 rows, skipped 0 duplicates so far...
  patents chunk 366: inserted 3660000 rows, skipped 0 duplicates so far...
  patents chunk 368: inserted 3680000 rows, skipped 0 duplicates so far...
  patents chunk 370: inserted 3700000 rows, skipped 0 duplicates so far...
  patents chunk 372: inserted 3720000 rows, skipped 0 duplicates so far...
  patents chunk 374: inserted 3740000 rows, skipped 0 duplicates so far...
  patents chunk 376: inserted 3760000 rows, skipped 0 duplicates so far...
  patents chunk 378: inserted 3780000 rows, skipped 0 duplicates so far...
  patents chunk 380: inserted 3800000 rows, skipped 0 duplicates so far...
  patents chunk 382: inserted 3820000 rows, skipped 0 duplicates so far...
  patents chunk 384: inserted 3840000 rows, skipped 0 duplicates so far...
  patents chunk 386: inserted 3860000 rows, skipped 0 duplicates so far...
  patents chunk 388: inserted 3880000 rows, skipped 0 duplicates so far...
  patents chunk 390: inserted 3900000 rows, skipped 0 duplicates so far...
  patents chunk 392: inserted 3920000 rows, skipped 0 duplicates so far...
  patents chunk 394: inserted 3940000 rows, skipped 0 duplicates so far...
  patents chunk 396: inserted 3960000 rows, skipped 0 duplicates so far...
  patents chunk 398: inserted 3980000 rows, skipped 0 duplicates so far...
  patents chunk 400: inserted 4000000 rows, skipped 0 duplicates so far...
  patents chunk 402: inserted 4020000 rows, skipped 0 duplicates so far...
  patents chunk 404: inserted 4040000 rows, skipped 0 duplicates so far...
  patents chunk 406: inserted 4060000 rows, skipped 0 duplicates so far...
  patents chunk 408: inserted 4080000 rows, skipped 0 duplicates so far...
  patents chunk 410: inserted 4100000 rows, skipped 0 duplicates so far...
  patents chunk 412: inserted 4120000 rows, skipped 0 duplicates so far...
  patents chunk 414: inserted 4140000 rows, skipped 0 duplicates so far...
  patents chunk 416: inserted 4160000 rows, skipped 0 duplicates so far...
  patents chunk 418: inserted 4180000 rows, skipped 0 duplicates so far...
  patents chunk 420: inserted 4200000 rows, skipped 0 duplicates so far...
  patents chunk 422: inserted 4220000 rows, skipped 0 duplicates so far...
  patents chunk 424: inserted 4240000 rows, skipped 0 duplicates so far...
  patents chunk 426: inserted 4260000 rows, skipped 0 duplicates so far...
  patents chunk 428: inserted 4280000 rows, skipped 0 duplicates so far...
  patents chunk 430: inserted 4300000 rows, skipped 0 duplicates so far...
  patents chunk 432: inserted 4320000 rows, skipped 0 duplicates so far...
  patents chunk 434: inserted 4340000 rows, skipped 0 duplicates so far...
  patents chunk 436: inserted 4360000 rows, skipped 0 duplicates so far...
  patents chunk 438: inserted 4380000 rows, skipped 0 duplicates so far...
  patents chunk 440: inserted 4400000 rows, skipped 0 duplicates so far...
  patents chunk 442: inserted 4420000 rows, skipped 0 duplicates so far...
  patents chunk 444: inserted 4440000 rows, skipped 0 duplicates so far...
  patents chunk 446: inserted 4460000 rows, skipped 0 duplicates so far...
  patents chunk 448: inserted 4480000 rows, skipped 0 duplicates so far...
  patents chunk 450: inserted 4500000 rows, skipped 0 duplicates so far...
  patents chunk 452: inserted 4520000 rows, skipped 0 duplicates so far...
  patents chunk 454: inserted 4540000 rows, skipped 0 duplicates so far...
  patents chunk 456: inserted 4560000 rows, skipped 0 duplicates so far...
  patents chunk 458: inserted 4580000 rows, skipped 0 duplicates so far...
  patents chunk 460: inserted 4600000 rows, skipped 0 duplicates so far...
  patents chunk 462: inserted 4620000 rows, skipped 0 duplicates so far...
  patents chunk 464: inserted 4640000 rows, skipped 0 duplicates so far...
  patents chunk 466: inserted 4660000 rows, skipped 0 duplicates so far...
  patents chunk 468: inserted 4680000 rows, skipped 0 duplicates so far...
  patents chunk 470: inserted 4700000 rows, skipped 0 duplicates so far...
  patents chunk 472: inserted 4720000 rows, skipped 0 duplicates so far...
  patents chunk 474: inserted 4740000 rows, skipped 0 duplicates so far...
  patents chunk 476: inserted 4760000 rows, skipped 0 duplicates so far...
  patents chunk 478: inserted 4780000 rows, skipped 0 duplicates so far...
  patents chunk 480: inserted 4800000 rows, skipped 0 duplicates so far...
  patents chunk 482: inserted 4820000 rows, skipped 0 duplicates so far...
  patents chunk 484: inserted 4840000 rows, skipped 0 duplicates so far...
  patents chunk 486: inserted 4860000 rows, skipped 0 duplicates so far...
  patents chunk 488: inserted 4880000 rows, skipped 0 duplicates so far...
  patents chunk 490: inserted 4900000 rows, skipped 0 duplicates so far...
  patents chunk 492: inserted 4920000 rows, skipped 0 duplicates so far...
  patents chunk 494: inserted 4940000 rows, skipped 0 duplicates so far...
  patents chunk 496: inserted 4960000 rows, skipped 0 duplicates so far...
  patents chunk 498: inserted 4980000 rows, skipped 0 duplicates so far...
  patents chunk 500: inserted 5000000 rows, skipped 0 duplicates so far...
  patents chunk 502: inserted 5020000 rows, skipped 0 duplicates so far...
  patents chunk 504: inserted 5040000 rows, skipped 0 duplicates so far...
  patents chunk 506: inserted 5060000 rows, skipped 0 duplicates so far...
  patents chunk 508: inserted 5080000 rows, skipped 0 duplicates so far...
  patents chunk 510: inserted 5100000 rows, skipped 0 duplicates so far...
  patents chunk 512: inserted 5120000 rows, skipped 0 duplicates so far...
  patents chunk 514: inserted 5140000 rows, skipped 0 duplicates so far...
  patents chunk 516: inserted 5160000 rows, skipped 0 duplicates so far...
  patents chunk 518: inserted 5180000 rows, skipped 0 duplicates so far...
  patents chunk 520: inserted 5200000 rows, skipped 0 duplicates so far...
  patents chunk 522: inserted 5220000 rows, skipped 0 duplicates so far...
  patents chunk 524: inserted 5240000 rows, skipped 0 duplicates so far...
  patents chunk 526: inserted 5260000 rows, skipped 0 duplicates so far...
  patents chunk 528: inserted 5280000 rows, skipped 0 duplicates so far...
  patents chunk 530: inserted 5300000 rows, skipped 0 duplicates so far...
  patents chunk 532: inserted 5320000 rows, skipped 0 duplicates so far...
  patents chunk 534: inserted 5340000 rows, skipped 0 duplicates so far...
  patents chunk 536: inserted 5360000 rows, skipped 0 duplicates so far...
  patents chunk 538: inserted 5380000 rows, skipped 0 duplicates so far...
  patents chunk 540: inserted 5400000 rows, skipped 0 duplicates so far...
  patents chunk 542: inserted 5420000 rows, skipped 0 duplicates so far...
  patents chunk 544: inserted 5440000 rows, skipped 0 duplicates so far...
  patents chunk 546: inserted 5460000 rows, skipped 0 duplicates so far...
  patents chunk 548: inserted 5480000 rows, skipped 0 duplicates so far...
  patents chunk 550: inserted 5500000 rows, skipped 0 duplicates so far...
  patents chunk 552: inserted 5520000 rows, skipped 0 duplicates so far...
  patents chunk 554: inserted 5540000 rows, skipped 0 duplicates so far...
  patents chunk 556: inserted 5560000 rows, skipped 0 duplicates so far...
  patents chunk 558: inserted 5580000 rows, skipped 0 duplicates so far...
  patents chunk 560: inserted 5600000 rows, skipped 0 duplicates so far...
  patents chunk 562: inserted 5620000 rows, skipped 0 duplicates so far...
  patents chunk 564: inserted 5640000 rows, skipped 0 duplicates so far...
  patents chunk 566: inserted 5660000 rows, skipped 0 duplicates so far...
  patents chunk 568: inserted 5680000 rows, skipped 0 duplicates so far...
  patents chunk 570: inserted 5700000 rows, skipped 0 duplicates so far...
  patents chunk 572: inserted 5720000 rows, skipped 0 duplicates so far...
  patents chunk 574: inserted 5740000 rows, skipped 0 duplicates so far...
  patents chunk 576: inserted 5760000 rows, skipped 0 duplicates so far...
  patents chunk 578: inserted 5780000 rows, skipped 0 duplicates so far...
  patents chunk 580: inserted 5800000 rows, skipped 0 duplicates so far...
  patents chunk 582: inserted 5820000 rows, skipped 0 duplicates so far...
  patents chunk 584: inserted 5840000 rows, skipped 0 duplicates so far...
  patents chunk 586: inserted 5860000 rows, skipped 0 duplicates so far...
  patents chunk 588: inserted 5880000 rows, skipped 0 duplicates so far...
  patents chunk 590: inserted 5900000 rows, skipped 0 duplicates so far...
  patents chunk 592: inserted 5920000 rows, skipped 0 duplicates so far...
  patents chunk 594: inserted 5940000 rows, skipped 0 duplicates so far...
  patents chunk 596: inserted 5960000 rows, skipped 0 duplicates so far...
  patents chunk 598: inserted 5980000 rows, skipped 0 duplicates so far...
  patents chunk 600: inserted 6000000 rows, skipped 0 duplicates so far...
  patents chunk 602: inserted 6020000 rows, skipped 0 duplicates so far...
  patents chunk 604: inserted 6040000 rows, skipped 0 duplicates so far...
  patents chunk 606: inserted 6060000 rows, skipped 0 duplicates so far...
  patents chunk 608: inserted 6080000 rows, skipped 0 duplicates so far...
Table patents: inserted 6083393 rows, skipped 0 duplicates.
Deleted patents.csv from disk to free space.
Loading inventors from inventors.csv...
  inventors chunk 2: inserted 20000 rows, skipped 0 duplicates so far...
  inventors chunk 4: inserted 40000 rows, skipped 0 duplicates so far...
Error during load: (pymysql.err.DataError) (1406, "Data too long for column 'inventor_id' at row 279")
[SQL: INSERT INTO inventors (inventor_id, full_name, country) VALUES (%(inventor_id_m0)s, %(full_name_m0)s, %(country_m0)s), (%(inventor_id_m1)s, %(full_name_m1)s, %(country_m1)s), (%(inventor_id_m2)s, %(full_name_m2)s, %(country_m2)s), (%(inventor_id_m3)s, %(full_name_m3)s, %(country_m3)s), (%(inventor_id_m4)s, %(full_name_m4)s, %(country_m4)s), (%(inventor_id_m5)s, %(full_name_m5)s, %(country_m5)s), (%(inventor_id_m6)s, %(full_name_m6)s, %(country_m6)s), (%(inventor_id_m7)s, %(full_name_m7)s, %(country_m7)s), (%(inventor_id_m8)s, %(full_name_m8)s, %(country_m8)s), (%(inventor_id_m9)s, %(full_name_m9)s, %(country_m9)s), (%(inventor_id_m10)s, %(full_name_m10)s, %(country_m10)s), (%(inventor_id_m11)s, %(full_name_m11)s, %(country_m11)s), (%(inventor_id_m12)s, %(full_name_m12)s, %(country_m12)s), (%(inventor_id_m13)s, %(full_name_m13)s, %(country_m13)s), (%(inventor_id_m14)s, %(full_name_m14)s, %(country_m14)s), (%(inventor_id_m15)s, %(full_name_m15)s, %(country_m15)s), (%(inventor_id_m16)s, %(full_name_m16)s, %(country_m16)s), (%(inventor_id_m17)s, %(full_name_m17)s, %(country_m17)s), (%(inventor_id_m18)s, %(full_name_m18)s, %(country_m18)s), (%(inventor_id_m19)s, %(full_name_m19)s, %(country_m19)s), (%(inventor_id_m20)s, %(full_name_m20)s, %(country_m20)s), (%(inventor_id_m21)s, %(full_name_m21)s, %(country_m21)s), (%(inventor_id_m22)s, %(full_name_m22)s, %(country_m22)s), (%(inventor_id_m23)s, %(full_name_m23)s, %(country_m23)s), (%(inventor_id_m24)s, %(full_name_m24)s, %(country_m24)s), (%(inventor_id_m25)s, %(full_name_m25)s, %(country_m25)s), (%(inventor_id_m26)s, %(full_name_m26)s, %(country_m26)s), (%(inventor_id_m27)s, %(full_name_m27)s, %(country_m27)s), (%(inventor_id_m28)s, %(full_name_m28)s, %(country_m28)s), (%(inventor_id_m29)s, %(full_name_m29)s, %(country_m29)s), (%(inventor_id_m30)s, %(full_name_m30)s, %(country_m30)s), (%(inventor_id_m31)s, %(full_name_m31)s, %(country_m31)s), (%(inventor_id_m32)s, %(full_name_m32)s, %(country_m32)s), (%(inventor_id_m33)s, %(full_name_m33)s, %(country_m33)s), (%(inventor_id_m34)s, %(full_name_m34)s, %(country_m34)s), (%(inventor_id_m35)s, %(full_name_m35)s, %(country_m35)s), (%(inventor_id_m36)s, %(full_name_m36)s, %(country_m36)s), (%(inventor_id_m37)s, %(full_name_m37)s, %(country_m37)s), (%(inventor_id_m38)s, %(full_name_m38)s, %(country_m38)s), (%(inventor_id_m39)s, %(full_name_m39)s, %(country_m39)s), (%(inventor_id_m40)s, %(full_name_m40)s, %(country_m40)s), (%(inventor_id_m41)s, %(full_name_m41)s, %(country_m41)s), (%(inventor_id_m42)s, %(full_name_m42)s, %(country_m42)s), (%(inventor_id_m43)s, %(full_name_m43)s, %(country_m43)s), (%(inventor_id_m44)s, %(full_name_m44)s, %(country_m44)s), (%(inventor_id_m45)s, %(full_name_m45)s, %(country_m45)s), (%(inventor_id_m46)s, %(full_name_m46)s, %(country_m46)s), (%(inventor_id_m47)s, %(full_name_m47)s, %(country_m47)s), (%(inventor_id_m48)s, %(full_name_m48)s, %(country_m48)s), (%(inventor_id_m49)s, %(full_name_m49)s, %(country_m49)s), (%(inventor_id_m50)s, %(full_name_m50)s, %(country_m50)s), (%(inventor_id_m51)s, %(full_name_m51)s, %(country_m51)s), (%(inventor_id_m52)s, %(full_name_m52)s, %(country_m52)s), (%(inventor_id_m53)s, %(full_name_m53)s, %(country_m53)s), (%(inventor_id_m54)s, %(full_name_m54)s, %(country_m54)s), (%(inventor_id_m55)s, %(full_name_m55)s, %(country_m55)s), (%(inventor_id_m56)s, %(full_name_m56)s, %(country_m56)s), (%(inventor_id_m57)s, %(full_name_m57)s, %(country_m57)s), (%(inventor_id_m58)s, %(full_name_m58)s, %(country_m58)s), (%(inventor_id_m59)s, %(full_name_m59)s, %(country_m59)s), (%(inventor_id_m60)s, %(full_name_m60)s, %(country_m60)s), (%(inventor_id_m61)s, %(full_name_m61)s, %(country_m61)s), (%(inventor_id_m62)s, %(full_name_m62)s, %(country_m62)s), (%(inventor_id_m63)s, %(full_name_m63)s, %(country_m63)s), (%(inventor_id_m64)s, %(full_name_m64)s, %(country_m64)s), (%(inventor_id_m65)s, %(full_name_m65)s, %(country_m65)s), (%(inventor_id_m66)s, %(full_name_m66)s, %(country_m66)s), (%(inventor_id_m67)s, %(full_name_m67)s, %(country_m67)s), (%(inventor_id_m68)s, %(full_name_m68)s, %(country_m68)s), (%(inventor_id_m69)s, %(full_name_m69)s, %(country_m69)s), (%(inventor_id_m70)s, %(full_name_m70)s, %(country_m70)s), (%(inventor_id_m71)s, %(full_name_m71)s, %(country_m71)s), (%(inventor_id_m72)s, %(full_name_m72)s, %(country_m72)s), (%(inventor_id_m73)s, %(full_name_m73)s, %(country_m73)s), (%(inventor_id_m74)s, %(full_name_m74)s, %(country_m74)s), (%(inventor_id_m75)s, %(full_name_m75)s, %(country_m75)s), (%(inventor_id_m76)s, %(full_name_m76)s, %(country_m76)s), (%(inventor_id_m77)s, %(full_name_m77)s, %(country_m77)s), (%(inventor_id_m78)s, %(full_name_m78)s, %(country_m78)s), (%(inventor_id_m79)s, %(full_name_m79)s, %(country_m79)s), (%(inventor_id_m80)s, %(full_name_m80)s, %(country_m80)s), (%(inventor_id_m81)s, %(full_name_m81)s, %(country_m81)s), (%(inventor_id_m82)s, %(full_name_m82)s, %(country_m82)s), (%(inventor_id_m83)s, %(full_name_m83)s, %(country_m83)s), (%(inventor_id_m84)s, %(full_name_m84)s, %(country_m84)s), (%(inventor_id_m85)s, %(full_name_m85)s, %(country_m85)s), (%(inventor_id_m86)s, %(full_name_m86)s, %(country_m86)s), (%(inventor_id_m87)s, %(full_name_m87)s, %(country_m87)s), (%(inventor_id_m88)s, %(full_name_m88)s, %(country_m88)s), (%(inventor_id_m89)s, %(full_name_m89)s, %(country_m89)s), (%(inventor_id_m90)s, %(full_name_m90)s, %(country_m90)s), (%(inventor_id_m91)s, %(full_name_m91)s, %(country_m91)s), (%(inventor_id_m92)s, %(full_name_m92)s, %(country_m92)s), (%(inventor_id_m93)s, %(full_name_m93)s, %(country_m93)s), (%(inventor_id_m94)s, %(full_name_m94)s, %(country_m94)s), (%(inventor_id_m95)s, %(full_name_m95)s, %(country_m95)s), (%(inventor_id_m96)s, %(full_name_m96)s, %(country_m96)s), (%(inventor_id_m97)s, %(full_name_m97)s, %(country_m97)s), (%(inventor_id_m98)s, %(full_name_m98)s, %(country_m98)s), (%(inventor_id_m99)s, %(full_name_m99)s, %(country_m99)s), (%(inventor_id_m100)s, %(full_name_m100)s, %(country_m100)s), (%(inventor_id_m101)s, %(full_name_m101)s, %(country_m101)s), (%(inventor_id_m102)s, %(full_name_m102)s, %(country_m102)s), (%(inventor_id_m103)s, %(full_name_m103)s, %(country_m103)s), (%(inventor_id_m104)s, %(full_name_m104)s, %(country_m104)s), (%(inventor_id_m105)s, %(full_name_m105)s, %(country_m105)s), (%(inventor_id_m106)s, %(full_name_m106)s, %(country_m106)s), (%(inventor_id_m107)s, %(full_name_m107)s, %(country_m107)s), (%(inventor_id_m108)s, %(full_name_m108)s, %(country_m108)s), (%(inventor_id_m109)s, %(full_name_m109)s, %(country_m109)s), (%(inventor_id_m110)s, %(full_name_m110)s, %(country_m110)s), (%(inventor_id_m111)s, %(full_name_m111)s, %(country_m111)s), (%(inventor_id_m112)s, %(full_name_m112)s, %(country_m112)s), (%(inventor_id_m113)s, %(full_name_m113)s, %(country_m113)s), (%(inventor_id_m114)s, %(full_name_m114)s, %(country_m114)s), (%(inventor_id_m115)s, %(full_name_m115)s, %(country_m115)s), (%(inventor_id_m116)s, %(full_name_m116)s, %(country_m116)s), (%(inventor_id_m117)s, %(full_name_m117)s, %(country_m117)s), (%(inventor_id_m118)s, %(full_name_m118)s, %(country_m118)s), (%(inventor_id_m119)s, %(full_name_m119)s, %(country_m119)s), (%(inventor_id_m120)s, %(full_name_m120)s, %(country_m120)s), (%(inventor_id_m121)s, %(full_name_m121)s, %(country_m121)s), (%(inventor_id_m122)s, %(full_name_m122)s, %(country_m122)s), (%(inventor_id_m123)s, %(full_name_m123)s, %(country_m123)s), (%(inventor_id_m124)s, %(full_name_m124)s, %(country_m124)s), (%(inventor_id_m125)s, %(full_name_m125)s, %(country_m125)s), (%(inventor_id_m126)s, %(full_name_m126)s, %(country_m126)s), (%(inventor_id_m127)s, %(full_name_m127)s, %(country_m127)s), (%(inventor_id_m128)s, %(full_name_m128)s, %(country_m128)s), (%(inventor_id_m129)s, %(full_name_m129)s, %(country_m129)s), (%(inventor_id_m130)s, %(full_name_m130)s, %(country_m130)s), (%(inventor_id_m131)s, %(full_name_m131)s, %(country_m131)s), (%(inventor_id_m132)s, %(full_name_m132)s, %(country_m132)s), (%(inventor_id_m133)s, %(full_name_m133)s, %(country_m133)s), (%(inventor_id_m134)s, %(full_name_m134)s, %(country_m134)s), (%(inventor_id_m135)s, %(full_name_m135)s, %(country_m135)s), (%(inventor_id_m136)s, %(full_name_m136)s, %(country_m136)s), (%(inventor_id_m137)s, %(full_name_m137)s, %(country_m137)s), (%(inventor_id_m138)s, %(full_name_m138)s, %(country_m138)s), (%(inventor_id_m139)s, %(full_name_m139)s, %(country_m139)s), (%(inventor_id_m140)s, %(full_name_m140)s, %(country_m140)s), (%(inventor_id_m141)s, %(full_name_m141)s, %(country_m141)s), (%(inventor_id_m142)s, %(full_name_m142)s, %(country_m142)s), (%(inventor_id_m143)s, %(full_name_m143)s, %(country_m143)s), (%(inventor_id_m144)s, %(full_name_m144)s, %(country_m144)s), (%(inventor_id_m145)s, %(full_name_m145)s, %(country_m145)s), (%(inventor_id_m146)s, %(full_name_m146)s, %(country_m146)s), (%(inventor_id_m147)s, %(full_name_m147)s, %(country_m147)s), (%(inventor_id_m148)s, %(full_name_m148)s, %(country_m148)s), (%(inventor_id_m149)s, %(full_name_m149)s, %(country_m149)s), (%(inventor_id_m150)s, %(full_name_m150)s, %(country_m150)s), (%(inventor_id_m151)s, %(full_name_m151)s, %(country_m151)s), (%(inventor_id_m152)s, %(full_name_m152)s, %(country_m152)s), (%(inventor_id_m153)s, %(full_name_m153)s, %(country_m153)s), (%(inventor_id_m154)s, %(full_name_m154)s, %(country_m154)s), (%(inventor_id_m155)s, %(full_name_m155)s, %(country_m155)s), (%(inventor_id_m156)s, %(full_name_m156)s, %(country_m156)s), (%(inventor_id_m157)s, %(full_name_m157)s, %(country_m157)s), (%(inventor_id_m158)s, %(full_name_m158)s, %(country_m158)s), (%(inventor_id_m159)s, %(full_name_m159)s, %(country_m159)s), (%(inventor_id_m160)s, %(full_name_m160)s, %(country_m160)s), (%(inventor_id_m161)s, %(full_name_m161)s, %(country_m161)s), (%(inventor_id_m162)s, %(full_name_m162)s, %(country_m162)s), (%(inventor_id_m163)s, %(full_name_m163)s, %(country_m163)s), (%(inventor_id_m164)s, %(full_name_m164)s, %(country_m164)s), (%(inventor_id_m165)s, %(full_name_m165)s, %(country_m165)s), (%(inventor_id_m166)s, %(full_name_m166)s, %(country_m166)s), (%(inventor_id_m167)s, %(full_name_m167)s, %(country_m167)s), (%(inventor_id_m168)s, %(full_name_m168)s, %(country_m168)s), (%(inventor_id_m169)s, %(full_name_m169)s, %(country_m169)s), (%(inventor_id_m170)s, %(full_name_m170)s, %(country_m170)s), (%(inventor_id_m171)s, %(full_name_m171)s, %(country_m171)s), (%(inventor_id_m172)s, %(full_name_m172)s, %(country_m172)s), (%(inventor_id_m173)s, %(full_name_m173)s, %(country_m173)s), (%(inventor_id_m174)s, %(full_name_m174)s, %(country_m174)s), (%(inventor_id_m175)s, %(full_name_m175)s, %(country_m175)s), (%(inventor_id_m176)s, %(full_name_m176)s, %(country_m176)s), (%(inventor_id_m177)s, %(full_name_m177)s, %(country_m177)s), (%(inventor_id_m178)s, %(full_name_m178)s, %(country_m178)s), (%(inventor_id_m179)s, %(full_name_m179)s, %(country_m179)s), (%(inventor_id_m180)s, %(full_name_m180)s, %(country_m180)s), (%(inventor_id_m181)s, %(full_name_m181)s, %(country_m181)s), (%(inventor_id_m182)s, %(full_name_m182)s, %(country_m182)s), (%(inventor_id_m183)s, %(full_name_m183)s, %(country_m183)s), (%(inventor_id_m184)s, %(full_name_m184)s, %(country_m184)s), (%(inventor_id_m185)s, %(full_name_m185)s, %(country_m185)s), (%(inventor_id_m186)s, %(full_name_m186)s, %(country_m186)s), (%(inventor_id_m187)s, %(full_name_m187)s, %(country_m187)s), (%(inventor_id_m188)s, %(full_name_m188)s, %(country_m188)s), (%(inventor_id_m189)s, %(full_name_m189)s, %(country_m189)s), (%(inventor_id_m190)s, %(full_name_m190)s, %(country_m190)s), (%(inventor_id_m191)s, %(full_name_m191)s, %(country_m191)s), (%(inventor_id_m192)s, %(full_name_m192)s, %(country_m192)s), (%(inventor_id_m193)s, %(full_name_m193)s, %(country_m193)s), (%(inventor_id_m194)s, %(full_name_m194)s, %(country_m194)s), (%(inventor_id_m195)s, %(full_name_m195)s, %(country_m195)s), (%(inventor_id_m196)s, %(full_name_m196)s, %(country_m196)s), (%(inventor_id_m197)s, %(full_name_m197)s, %(country_m197)s), (%(inventor_id_m198)s, %(full_name_m198)s, %(country_m198)s), (%(inventor_id_m199)s, %(full_name_m199)s, %(country_m199)s), (%(inventor_id_m200)s, %(full_name_m200)s, %(country_m200)s), (%(inventor_id_m201)s, %(full_name_m201)s, %(country_m201)s), (%(inventor_id_m202)s, %(full_name_m202)s, %(country_m202)s), (%(inventor_id_m203)s, %(full_name_m203)s, %(country_m203)s), (%(inventor_id_m204)s, %(full_name_m204)s, %(country_m204)s), (%(inventor_id_m205)s, %(full_name_m205)s, %(country_m205)s), (%(inventor_id_m206)s, %(full_name_m206)s, %(country_m206)s), (%(inventor_id_m207)s, %(full_name_m207)s, %(country_m207)s), (%(inventor_id_m208)s, %(full_name_m208)s, %(country_m208)s), (%(inventor_id_m209)s, %(full_name_m209)s, %(country_m209)s), (%(inventor_id_m210)s, %(full_name_m210)s, %(country_m210)s), (%(inventor_id_m211)s, %(full_name_m211)s, %(country_m211)s), (%(inventor_id_m212)s, %(full_name_m212)s, %(country_m212)s), (%(inventor_id_m213)s, %(full_name_m213)s, %(country_m213)s), (%(inventor_id_m214)s, %(full_name_m214)s, %(country_m214)s), (%(inventor_id_m215)s, %(full_name_m215)s, %(country_m215)s), (%(inventor_id_m216)s, %(full_name_m216)s, %(country_m216)s), (%(inventor_id_m217)s, %(full_name_m217)s, %(country_m217)s), (%(inventor_id_m218)s, %(full_name_m218)s, %(country_m218)s), (%(inventor_id_m219)s, %(full_name_m219)s, %(country_m219)s), (%(inventor_id_m220)s, %(full_name_m220)s, %(country_m220)s), (%(inventor_id_m221)s, %(full_name_m221)s, %(country_m221)s), (%(inventor_id_m222)s, %(full_name_m222)s, %(country_m222)s), (%(inventor_id_m223)s, %(full_name_m223)s, %(country_m223)s), (%(inventor_id_m224)s, %(full_name_m224)s, %(country_m224)s), (%(inventor_id_m225)s, %(full_name_m225)s, %(country_m225)s), (%(inventor_id_m226)s, %(full_name_m226)s, %(country_m226)s), (%(inventor_id_m227)s, %(full_name_m227)s, %(country_m227)s), (%(inventor_id_m228)s, %(full_name_m228)s, %(country_m228)s), (%(inventor_id_m229)s, %(full_name_m229)s, %(country_m229)s), (%(inventor_id_m230)s, %(full_name_m230)s, %(country_m230)s), (%(inventor_id_m231)s, %(full_name_m231)s, %(country_m231)s), (%(inventor_id_m232)s, %(full_name_m232)s, %(country_m232)s), (%(inventor_id_m233)s, %(full_name_m233)s, %(country_m233)s), (%(inventor_id_m234)s, %(full_name_m234)s, %(country_m234)s), (%(inventor_id_m235)s, %(full_name_m235)s, %(country_m235)s), (%(inventor_id_m236)s, %(full_name_m236)s, %(country_m236)s), (%(inventor_id_m237)s, %(full_name_m237)s, %(country_m237)s), (%(inventor_id_m238)s, %(full_name_m238)s, %(country_m238)s), (%(inventor_id_m239)s, %(full_name_m239)s, %(country_m239)s), (%(inventor_id_m240)s, %(full_name_m240)s, %(country_m240)s), (%(inventor_id_m241)s, %(full_name_m241)s, %(country_m241)s), (%(inventor_id_m242)s, %(full_name_m242)s, %(country_m242)s), (%(inventor_id_m243)s, %(full_name_m243)s, %(country_m243)s), (%(inventor_id_m244)s, %(full_name_m244)s, %(country_m244)s), (%(inventor_id_m245)s, %(full_name_m245)s, %(country_m245)s), (%(inventor_id_m246)s, %(full_name_m246)s, %(country_m246)s), (%(inventor_id_m247)s, %(full_name_m247)s, %(country_m247)s), (%(inventor_id_m248)s, %(full_name_m248)s, %(country_m248)s), (%(inventor_id_m249)s, %(full_name_m249)s, %(country_m249)s), (%(inventor_id_m250)s, %(full_name_m250)s, %(country_m250)s), (%(inventor_id_m251)s, %(full_name_m251)s, %(country_m251)s), (%(inventor_id_m252)s, %(full_name_m252)s, %(country_m252)s), (%(inventor_id_m253)s, %(full_name_m253)s, %(country_m253)s), (%(inventor_id_m254)s, %(full_name_m254)s, %(country_m254)s), (%(inventor_id_m255)s, %(full_name_m255)s, %(country_m255)s), (%(inventor_id_m256)s, %(full_name_m256)s, %(country_m256)s), (%(inventor_id_m257)s, %(full_name_m257)s, %(country_m257)s), (%(inventor_id_m258)s, %(full_name_m258)s, %(country_m258)s), (%(inventor_id_m259)s, %(full_name_m259)s, %(country_m259)s), (%(inventor_id_m260)s, %(full_name_m260)s, %(country_m260)s), (%(inventor_id_m261)s, %(full_name_m261)s, %(country_m261)s), (%(inventor_id_m262)s, %(full_name_m262)s, %(country_m262)s), (%(inventor_id_m263)s, %(full_name_m263)s, %(country_m263)s), (%(inventor_id_m264)s, %(full_name_m264)s, %(country_m264)s), (%(inventor_id_m265)s, %(full_name_m265)s, %(country_m265)s), (%(inventor_id_m266)s, %(full_name_m266)s, %(country_m266)s), (%(inventor_id_m267)s, %(full_name_m267)s, %(country_m267)s), (%(inventor_id_m268)s, %(full_name_m268)s, %(country_m268)s), (%(inventor_id_m269)s, %(full_name_m269)s, %(country_m269)s), (%(inventor_id_m270)s, %(full_name_m270)s, %(country_m270)s), (%(inventor_id_m271)s, %(full_name_m271)s, %(country_m271)s), (%(inventor_id_m272)s, %(full_name_m272)s, %(country_m272)s), (%(inventor_id_m273)s, %(full_name_m273)s, %(country_m273)s), (%(inventor_id_m274)s, %(full_name_m274)s, %(country_m274)s), (%(inventor_id_m275)s, %(full_name_m275)s, %(country_m275)s), (%(inventor_id_m276)s, %(full_name_m276)s, %(country_m276)s), (%(inventor_id_m277)s, %(full_name_m277)s, %(country_m277)s), (%(inventor_id_m278)s, %(full_name_m278)s, %(country_m278)s), (%(inventor_id_m279)s, %(full_name_m279)s, %(country_m279)s), (%(inventor_id_m280)s, %(full_name_m280)s, %(country_m280)s), (%(inventor_id_m281)s, %(full_name_m281)s, %(country_m281)s), (%(inventor_id_m282)s, %(full_name_m282)s, %(country_m282)s), (%(inventor_id_m283)s, %(full_name_m283)s, %(country_m283)s), (%(inventor_id_m284)s, %(full_name_m284)s, %(country_m284)s), (%(inventor_id_m285)s, %(full_name_m285)s, %(country_m285)s), (%(inventor_id_m286)s, %(full_name_m286)s, %(country_m286)s), (%(inventor_id_m287)s, %(full_name_m287)s, %(country_m287)s), (%(inventor_id_m288)s, %(full_name_m288)s, %(country_m288)s), (%(inventor_id_m289)s, %(full_name_m289)s, %(country_m289)s), (%(inventor_id_m290)s, %(full_name_m290)s, %(country_m290)s), (%(inventor_id_m291)s, %(full_name_m291)s, %(country_m291)s), (%(inventor_id_m292)s, %(full_name_m292)s, %(country_m292)s), (%(inventor_id_m293)s, %(full_name_m293)s, %(country_m293)s), (%(inventor_id_m294)s, %(full_name_m294)s, %(country_m294)s), (%(inventor_id_m295)s, %(full_name_m295)s, %(country_m295)s), (%(inventor_id_m296)s, %(full_name_m296)s, %(country_m296)s), (%(inventor_id_m297)s, %(full_name_m297)s, %(country_m297)s), (%(inventor_id_m298)s, %(full_name_m298)s, %(country_m298)s), (%(inventor_id_m299)s, %(full_name_m299)s, %(country_m299)s), (%(inventor_id_m300)s, %(full_name_m300)s, %(country_m300)s), (%(inventor_id_m301)s, %(full_name_m301)s, %(country_m301)s), (%(inventor_id_m302)s, %(full_name_m302)s, %(country_m302)s), (%(inventor_id_m303)s, %(full_name_m303)s, %(country_m303)s), (%(inventor_id_m304)s, %(full_name_m304)s, %(country_m304)s), (%(inventor_id_m305)s, %(full_name_m305)s, %(country_m305)s), (%(inventor_id_m306)s, %(full_name_m306)s, %(country_m306)s), (%(inventor_id_m307)s, %(full_name_m307)s, %(country_m307)s), (%(inventor_id_m308)s, %(full_name_m308)s, %(country_m308)s), (%(inventor_id_m309)s, %(full_name_m309)s, %(country_m309)s), (%(inventor_id_m310)s, %(full_name_m310)s, %(country_m310)s), (%(inventor_id_m311)s, %(full_name_m311)s, %(country_m311)s), (%(inventor_id_m312)s, %(full_name_m312)s, %(country_m312)s), (%(inventor_id_m313)s, %(full_name_m313)s, %(country_m313)s), (%(inventor_id_m314)s, %(full_name_m314)s, %(country_m314)s), (%(inventor_id_m315)s, %(full_name_m315)s, %(country_m315)s), (%(inventor_id_m316)s, %(full_name_m316)s, %(country_m316)s), (%(inventor_id_m317)s, %(full_name_m317)s, %(country_m317)s), (%(inventor_id_m318)s, %(full_name_m318)s, %(country_m318)s), (%(inventor_id_m319)s, %(full_name_m319)s, %(country_m319)s), (%(inventor_id_m320)s, %(full_name_m320)s, %(country_m320)s), (%(inventor_id_m321)s, %(full_name_m321)s, %(country_m321)s), (%(inventor_id_m322)s, %(full_name_m322)s, %(country_m322)s), (%(inventor_id_m323)s, %(full_name_m323)s, %(country_m323)s), (%(inventor_id_m324)s, %(full_name_m324)s, %(country_m324)s), (%(inventor_id_m325)s, %(full_name_m325)s, %(country_m325)s), (%(inventor_id_m326)s, %(full_name_m326)s, %(country_m326)s), (%(inventor_id_m327)s, %(full_name_m327)s, %(country_m327)s), (%(inventor_id_m328)s, %(full_name_m328)s, %(country_m328)s), (%(inventor_id_m329)s, %(full_name_m329)s, %(country_m329)s), (%(inventor_id_m330)s, %(full_name_m330)s, %(country_m330)s), (%(inventor_id_m331)s, %(full_name_m331)s, %(country_m331)s), (%(inventor_id_m332)s, %(full_name_m332)s, %(country_m332)s), (%(inventor_id_m333)s, %(full_name_m333)s, %(country_m333)s), (%(inventor_id_m334)s, %(full_name_m334)s, %(country_m334)s), (%(inventor_id_m335)s, %(full_name_m335)s, %(country_m335)s), (%(inventor_id_m336)s, %(full_name_m336)s, %(country_m336)s), (%(inventor_id_m337)s, %(full_name_m337)s, %(country_m337)s), (%(inventor_id_m338)s, %(full_name_m338)s, %(country_m338)s), (%(inventor_id_m339)s, %(full_name_m339)s, %(country_m339)s), (%(inventor_id_m340)s, %(full_name_m340)s, %(country_m340)s), (%(inventor_id_m341)s, %(full_name_m341)s, %(country_m341)s), (%(inventor_id_m342)s, %(full_name_m342)s, %(country_m342)s), (%(inventor_id_m343)s, %(full_name_m343)s, %(country_m343)s), (%(inventor_id_m344)s, %(full_name_m344)s, %(country_m344)s), (%(inventor_id_m345)s, %(full_name_m345)s, %(country_m345)s), (%(inventor_id_m346)s, %(full_name_m346)s, %(country_m346)s), (%(inventor_id_m347)s, %(full_name_m347)s, %(country_m347)s), (%(inventor_id_m348)s, %(full_name_m348)s, %(country_m348)s), (%(inventor_id_m349)s, %(full_name_m349)s, %(country_m349)s), (%(inventor_id_m350)s, %(full_name_m350)s, %(country_m350)s), (%(inventor_id_m351)s, %(full_name_m351)s, %(country_m351)s), (%(inventor_id_m352)s, %(full_name_m352)s, %(country_m352)s), (%(inventor_id_m353)s, %(full_name_m353)s, %(country_m353)s), (%(inventor_id_m354)s, %(full_name_m354)s, %(country_m354)s), (%(inventor_id_m355)s, %(full_name_m355)s, %(country_m355)s), (%(inventor_id_m356)s, %(full_name_m356)s, %(country_m356)s), (%(inventor_id_m357)s, %(full_name_m357)s, %(country_m357)s), (%(inventor_id_m358)s, %(full_name_m358)s, %(country_m358)s), (%(inventor_id_m359)s, %(full_name_m359)s, %(country_m359)s), (%(inventor_id_m360)s, %(full_name_m360)s, %(country_m360)s), (%(inventor_id_m361)s, %(full_name_m361)s, %(country_m361)s), (%(inventor_id_m362)s, %(full_name_m362)s, %(country_m362)s), (%(inventor_id_m363)s, %(full_name_m363)s, %(country_m363)s), (%(inventor_id_m364)s, %(full_name_m364)s, %(country_m364)s), (%(inventor_id_m365)s, %(full_name_m365)s, %(country_m365)s), (%(inventor_id_m366)s, %(full_name_m366)s, %(country_m366)s), (%(inventor_id_m367)s, %(full_name_m367)s, %(country_m367)s), (%(inventor_id_m368)s, %(full_name_m368)s, %(country_m368)s), (%(inventor_id_m369)s, %(full_name_m369)s, %(country_m369)s), (%(inventor_id_m370)s, %(full_name_m370)s, %(country_m370)s), (%(inventor_id_m371)s, %(full_name_m371)s, %(country_m371)s), (%(inventor_id_m372)s, %(full_name_m372)s, %(country_m372)s), (%(inventor_id_m373)s, %(full_name_m373)s, %(country_m373)s), (%(inventor_id_m374)s, %(full_name_m374)s, %(country_m374)s), (%(inventor_id_m375)s, %(full_name_m375)s, %(country_m375)s), (%(inventor_id_m376)s, %(full_name_m376)s, %(country_m376)s), (%(inventor_id_m377)s, %(full_name_m377)s, %(country_m377)s), (%(inventor_id_m378)s, %(full_name_m378)s, %(country_m378)s), (%(inventor_id_m379)s, %(full_name_m379)s, %(country_m379)s), (%(inventor_id_m380)s, %(full_name_m380)s, %(country_m380)s), (%(inventor_id_m381)s, %(full_name_m381)s, %(country_m381)s), (%(inventor_id_m382)s, %(full_name_m382)s, %(country_m382)s), (%(inventor_id_m383)s, %(full_name_m383)s, %(country_m383)s), (%(inventor_id_m384)s, %(full_name_m384)s, %(country_m384)s), (%(inventor_id_m385)s, %(full_name_m385)s, %(country_m385)s), (%(inventor_id_m386)s, %(full_name_m386)s, %(country_m386)s), (%(inventor_id_m387)s, %(full_name_m387)s, %(country_m387)s), (%(inventor_id_m388)s, %(full_name_m388)s, %(country_m388)s), (%(inventor_id_m389)s, %(full_name_m389)s, %(country_m389)s), (%(inventor_id_m390)s, %(full_name_m390)s, %(country_m390)s), (%(inventor_id_m391)s, %(full_name_m391)s, %(country_m391)s), (%(inventor_id_m392)s, %(full_name_m392)s, %(country_m392)s), (%(inventor_id_m393)s, %(full_name_m393)s, %(country_m393)s), (%(inventor_id_m394)s, %(full_name_m394)s, %(country_m394)s), (%(inventor_id_m395)s, %(full_name_m395)s, %(country_m395)s), (%(inventor_id_m396)s, %(full_name_m396)s, %(country_m396)s), (%(inventor_id_m397)s, %(full_name_m397)s, %(country_m397)s), (%(inventor_id_m398)s, %(full_name_m398)s, %(country_m398)s), (%(inventor_id_m399)s, %(full_name_m399)s, %(country_m399)s), (%(inventor_id_m400)s, %(full_name_m400)s, %(country_m400)s), (%(inventor_id_m401)s, %(full_name_m401)s, %(country_m401)s), (%(inventor_id_m402)s, %(full_name_m402)s, %(country_m402)s), (%(inventor_id_m403)s, %(full_name_m403)s, %(country_m403)s), (%(inventor_id_m404)s, %(full_name_m404)s, %(country_m404)s), (%(inventor_id_m405)s, %(full_name_m405)s, %(country_m405)s), (%(inventor_id_m406)s, %(full_name_m406)s, %(country_m406)s), (%(inventor_id_m407)s, %(full_name_m407)s, %(country_m407)s), (%(inventor_id_m408)s, %(full_name_m408)s, %(country_m408)s), (%(inventor_id_m409)s, %(full_name_m409)s, %(country_m409)s), (%(inventor_id_m410)s, %(full_name_m410)s, %(country_m410)s), (%(inventor_id_m411)s, %(full_name_m411)s, %(country_m411)s), (%(inventor_id_m412)s, %(full_name_m412)s, %(country_m412)s), (%(inventor_id_m413)s, %(full_name_m413)s, %(country_m413)s), (%(inventor_id_m414)s, %(full_name_m414)s, %(country_m414)s), (%(inventor_id_m415)s, %(full_name_m415)s, %(country_m415)s), (%(inventor_id_m416)s, %(full_name_m416)s, %(country_m416)s), (%(inventor_id_m417)s, %(full_name_m417)s, %(country_m417)s), (%(inventor_id_m418)s, %(full_name_m418)s, %(country_m418)s), (%(inventor_id_m419)s, %(full_name_m419)s, %(country_m419)s), (%(inventor_id_m420)s, %(full_name_m420)s, %(country_m420)s), (%(inventor_id_m421)s, %(full_name_m421)s, %(country_m421)s), (%(inventor_id_m422)s, %(full_name_m422)s, %(country_m422)s), (%(inventor_id_m423)s, %(full_name_m423)s, %(country_m423)s), (%(inventor_id_m424)s, %(full_name_m424)s, %(country_m424)s), (%(inventor_id_m425)s, %(full_name_m425)s, %(country_m425)s), (%(inventor_id_m426)s, %(full_name_m426)s, %(country_m426)s), (%(inventor_id_m427)s, %(full_name_m427)s, %(country_m427)s), (%(inventor_id_m428)s, %(full_name_m428)s, %(country_m428)s), (%(inventor_id_m429)s, %(full_name_m429)s, %(country_m429)s), (%(inventor_id_m430)s, %(full_name_m430)s, %(country_m430)s), (%(inventor_id_m431)s, %(full_name_m431)s, %(country_m431)s), (%(inventor_id_m432)s, %(full_name_m432)s, %(country_m432)s), (%(inventor_id_m433)s, %(full_name_m433)s, %(country_m433)s), (%(inventor_id_m434)s, %(full_name_m434)s, %(country_m434)s), (%(inventor_id_m435)s, %(full_name_m435)s, %(country_m435)s), (%(inventor_id_m436)s, %(full_name_m436)s, %(country_m436)s), (%(inventor_id_m437)s, %(full_name_m437)s, %(country_m437)s), (%(inventor_id_m438)s, %(full_name_m438)s, %(country_m438)s), (%(inventor_id_m439)s, %(full_name_m439)s, %(country_m439)s), (%(inventor_id_m440)s, %(full_name_m440)s, %(country_m440)s), (%(inventor_id_m441)s, %(full_name_m441)s, %(country_m441)s), (%(inventor_id_m442)s, %(full_name_m442)s, %(country_m442)s), (%(inventor_id_m443)s, %(full_name_m443)s, %(country_m443)s), (%(inventor_id_m444)s, %(full_name_m444)s, %(country_m444)s), (%(inventor_id_m445)s, %(full_name_m445)s, %(country_m445)s), (%(inventor_id_m446)s, %(full_name_m446)s, %(country_m446)s), (%(inventor_id_m447)s, %(full_name_m447)s, %(country_m447)s), (%(inventor_id_m448)s, %(full_name_m448)s, %(country_m448)s), (%(inventor_id_m449)s, %(full_name_m449)s, %(country_m449)s), (%(inventor_id_m450)s, %(full_name_m450)s, %(country_m450)s), (%(inventor_id_m451)s, %(full_name_m451)s, %(country_m451)s), (%(inventor_id_m452)s, %(full_name_m452)s, %(country_m452)s), (%(inventor_id_m453)s, %(full_name_m453)s, %(country_m453)s), (%(inventor_id_m454)s, %(full_name_m454)s, %(country_m454)s), (%(inventor_id_m455)s, %(full_name_m455)s, %(country_m455)s), (%(inventor_id_m456)s, %(full_name_m456)s, %(country_m456)s), (%(inventor_id_m457)s, %(full_name_m457)s, %(country_m457)s), (%(inventor_id_m458)s, %(full_name_m458)s, %(country_m458)s), (%(inventor_id_m459)s, %(full_name_m459)s, %(country_m459)s), (%(inventor_id_m460)s, %(full_name_m460)s, %(country_m460)s), (%(inventor_id_m461)s, %(full_name_m461)s, %(country_m461)s), (%(inventor_id_m462)s, %(full_name_m462)s, %(country_m462)s), (%(inventor_id_m463)s, %(full_name_m463)s, %(country_m463)s), (%(inventor_id_m464)s, %(full_name_m464)s, %(country_m464)s), (%(inventor_id_m465)s, %(full_name_m465)s, %(country_m465)s), (%(inventor_id_m466)s, %(full_name_m466)s, %(country_m466)s), (%(inventor_id_m467)s, %(full_name_m467)s, %(country_m467)s), (%(inventor_id_m468)s, %(full_name_m468)s, %(country_m468)s), (%(inventor_id_m469)s, %(full_name_m469)s, %(country_m469)s), (%(inventor_id_m470)s, %(full_name_m470)s, %(country_m470)s), (%(inventor_id_m471)s, %(full_name_m471)s, %(country_m471)s), (%(inventor_id_m472)s, %(full_name_m472)s, %(country_m472)s), (%(inventor_id_m473)s, %(full_name_m473)s, %(country_m473)s), (%(inventor_id_m474)s, %(full_name_m474)s, %(country_m474)s), (%(inventor_id_m475)s, %(full_name_m475)s, %(country_m475)s), (%(inventor_id_m476)s, %(full_name_m476)s, %(country_m476)s), (%(inventor_id_m477)s, %(full_name_m477)s, %(country_m477)s), (%(inventor_id_m478)s, %(full_name_m478)s, %(country_m478)s), (%(inventor_id_m479)s, %(full_name_m479)s, %(country_m479)s), (%(inventor_id_m480)s, %(full_name_m480)s, %(country_m480)s), (%(inventor_id_m481)s, %(full_name_m481)s, %(country_m481)s), (%(inventor_id_m482)s, %(full_name_m482)s, %(country_m482)s), (%(inventor_id_m483)s, %(full_name_m483)s, %(country_m483)s), (%(inventor_id_m484)s, %(full_name_m484)s, %(country_m484)s), (%(inventor_id_m485)s, %(full_name_m485)s, %(country_m485)s), (%(inventor_id_m486)s, %(full_name_m486)s, %(country_m486)s), (%(inventor_id_m487)s, %(full_name_m487)s, %(country_m487)s), (%(inventor_id_m488)s, %(full_name_m488)s, %(country_m488)s), (%(inventor_id_m489)s, %(full_name_m489)s, %(country_m489)s), (%(inventor_id_m490)s, %(full_name_m490)s, %(country_m490)s), (%(inventor_id_m491)s, %(full_name_m491)s, %(country_m491)s), (%(inventor_id_m492)s, %(full_name_m492)s, %(country_m492)s), (%(inventor_id_m493)s, %(full_name_m493)s, %(country_m493)s), (%(inventor_id_m494)s, %(full_name_m494)s, %(country_m494)s), (%(inventor_id_m495)s, %(full_name_m495)s, %(country_m495)s), (%(inventor_id_m496)s, %(full_name_m496)s, %(country_m496)s), (%(inventor_id_m497)s, %(full_name_m497)s, %(country_m497)s), (%(inventor_id_m498)s, %(full_name_m498)s, %(country_m498)s), (%(inventor_id_m499)s, %(full_name_m499)s, %(country_m499)s)]
[parameters: {'inventor_id_m0': 'fl:ki_ln:moon-23', 'full_name_m0': 'Ki eob Moon', 'country_m0': '1AEB3C64-16C8-11ED-9B5F-1234BDE3CD05', 'inventor_id_m1': 'fl:sh_ln:ravid-2', 'full_name_m1': 'Shmuel Ravid', 'country_m1': '1216C28F-16C8-11ED-9B5F-1234BDE3CD05', 'inventor_id_m2': 'fl:ti_ln:laud-1', 'full_name_m2': 'Timothy G. Laud', 'country_m2': 'E5A59693-16C7-11ED-9B5F-1234BDE3CD05', 'inventor_id_m3': 'fl:fa_ln:najafi-4', 'full_name_m3': 'Faraz Najafi', 'country_m3': 'A26E22DB-16C8-11ED-9B5F-1234BDE3CD05', 'inventor_id_m4': 'fl:ro_ln:mitchell-37', 'full_name_m4': 'Robert J. Mitchell', 'country_m4': '0B2DB200-16C8-11ED-9B5F-1234BDE3CD05', 'inventor_id_m5': 'fl:ah_ln:aqrawi-1', 'full_name_m5': 'Ahmed Adnan Aqrawi', 'country_m5': '5CFE9D60-16C8-11ED-9B5F-1234BDE3CD05', 'inventor_id_m6': 'fl:ch_ln:kao-21', 'full_name_m6': 'Chung-En Kao', 'country_m6': '8FAFC538-16C8-11ED-9B5F-1234BDE3CD05', 'inventor_id_m7': 'fl:ch_ln:park-243', 'full_name_m7': 'Cheol Hwan Park', 'country_m7': '75436E0D-16C8-11ED-9B5F-1234BDE3CD05', 'inventor_id_m8': 'fl:er_ln:mazotti-1', 'full_name_m8': 'Erika Lynn Mazotti', 'country_m8': 'C5566585-16C7-11ED-9B5F-1234BDE3CD05', 'inventor_id_m9': 'fl:vi_ln:mehta-15', 'full_name_m9': 'Viral Mehta', 'country_m9': '119AE6D0-16C8-11ED-9B5F-1234BDE3CD05', 'inventor_id_m10': 'fl:ri_ln:gardner-9', 'full_name_m10': 'Richard Wayne Gardner, III', 'country_m10': 'C6C66F7D-16C7-11ED-9B5F-1234BDE3CD05', 'inventor_id_m11': 'fl:to_ln:takebayashi-3', 'full_name_m11': 'Tomoyoshi Takebayashi', 'country_m11': '1C0A3D5A-16C8-11ED-9B5F-1234BDE3CD05', 'inventor_id_m12': 'fl:hi_ln:furukawa-37', 'full_name_m12': 'Hiromi Furukawa', 'country_m12': '894FB286-16C8-11ED-9B5F-1234BDE3CD05', 'inventor_id_m13': 'fl:am_ln:khoja-1', 'full_name_m13': 'Amjad-Ali Khoja', 'country_m13': 'CF4944E5-16C7-11ED-9B5F-1234BDE3CD05', 'inventor_id_m14': 'fl:ja_ln:hoel-1', 'full_name_m14': 'Jan-Otto Hoel', 'country_m14': '60EABCCC-16C8-11ED-9B5F-1234BDE3CD05', 'inventor_id_m15': 'fl:si_ln:yalov-1', 'full_name_m15': 'Simon Yalov', 'country_m15': '1C4704FD-16C8-11ED-9B5F-1234BDE3CD05', 'inventor_id_m16': 'fl:no_ln:sprenger-2', 'full_name_m16': 'Norbert Sprenger' ... 1400 parameters truncated ... 'full_name_m483': 'Lars K. Skov', 'country_m483': '43B4B4EA-16C8-11ED-9B5F-1234BDE3CD05', 'inventor_id_m484': 'fl:ji_ln:park-193', 'full_name_m484': 'Jin-Soo Park', 'country_m484': '1AEB3C64-16C8-11ED-9B5F-1234BDE3CD05', 'inventor_id_m485': 'fl:na_ln:teplyuk-1', 'full_name_m485': 'Nadiya Teplyuk', 'country_m485': '0712F582-16C8-11ED-9B5F-1234BDE3CD05', 'inventor_id_m486': 'fl:ty_ln:neyens-1', 'full_name_m486': 'Tyler John Neyens', 'country_m486': '8BF5B0C0-16C8-11ED-9B5F-1234BDE3CD05', 'inventor_id_m487': 'fl:za_ln:barnes-3', 'full_name_m487': 'Zachary D. Barnes', 'country_m487': '4E49A0A0-16C8-11ED-9B5F-1234BDE3CD05', 'inventor_id_m488': 'fl:ta_ln:hasegawa-20', 'full_name_m488': 'Takanori Hasegawa', 'country_m488': '6DE5356F-16C8-11ED-9B5F-1234BDE3CD05', 'inventor_id_m489': 'fl:da_ln:douberteen-1', 'full_name_m489': 'David Douberteen', 'country_m489': 'E0A8C424-16C7-11ED-9B5F-1234BDE3CD05', 'inventor_id_m490': 'fl:vi_ln:kumar-80', 'full_name_m490': 'Vinay Kumar', 'country_m490': 'F8BC0894-16C7-11ED-9B5F-1234BDE3CD05', 'inventor_id_m491': 'fl:do_ln:peretz-1', 'full_name_m491': 'Doron Peretz', 'country_m491': '3887C229-16C8-11ED-9B5F-1234BDE3CD05', 'inventor_id_m492': 'fl:ma_ln:wolk-1', 'full_name_m492': 'Martin B. Wolk', 'country_m492': 'A373169D-16C8-11ED-9B5F-1234BDE3CD05', 'inventor_id_m493': 'fl:ma_ln:johnson-154', 'full_name_m493': 'Mark S. Johnson', 'country_m493': '8E6E9342-16C8-11ED-9B5F-1234BDE3CD05', 'inventor_id_m494': 'fl:sc_ln:clendenning-1', 'full_name_m494': 'Scott B. Clendenning', 'country_m494': '12C9BBE6-16C8-11ED-9B5F-1234BDE3CD05', 'inventor_id_m495': 'fl:hi_ln:morita-20', 'full_name_m495': 'Hiroshi Morita', 'country_m495': '1D2251C8-16C8-11ED-9B5F-1234BDE3CD05', 'inventor_id_m496': 'fl:ru_ln:hoffmann-2', 'full_name_m496': 'Ruediger Hoffmann', 'country_m496': '20E75B5C-16C8-11ED-9B5F-1234BDE3CD05', 'inventor_id_m497': 'fl:je_ln:huff-1', 'full_name_m497': 'Jeffrey B. Huff', 'country_m497': 'C6C6AFD0-16C7-11ED-9B5F-1234BDE3CD05', 'inventor_id_m498': 'fl:er_ln:ferrell-1', 'full_name_m498': 'Erica Ferrell', 'country_m498': 'F7CE6535-16C7-11ED-9B5F-1234BDE3CD05', 'inventor_id_m499': 'fl:yi_ln:fang-62', 'full_name_m499': 'Yizheng Fang', 'country_m499': '6798FB4C-49AF-11ED-9879-1234BDE3CD05'}]
(Background on this error at: https://sqlalche.me/e/20/9h9h)
